<?xml version="1.0" encoding="UTF-8"?>
<!-- Generated by org.testng.reporters.JUnitXMLReporter -->
<testsuite hostname="lslcwksg6161309" ignored="0" name="Default test" tests="5" failures="0" timestamp="14 Aug 2019 21:57:42 GMT" time="65.28" errors="0">
  <testcase name="loginPageTest" time="0.393" classname="dataProviderTestNG.DataProviderInTestNG"/>
  <testcase name="loginPageTest" time="0.382" classname="dataProviderTestNG.DataProviderInTestNG"/>
  <testcase name="loginPageTest" time="0.416" classname="dataProviderTestNG.DataProviderInTestNG"/>
  <testcase name="loginPageTest" time="0.394" classname="dataProviderTestNG.DataProviderInTestNG"/>
  <testcase name="loginPageTest" time="0.413" classname="dataProviderTestNG.DataProviderInTestNG"/>
</testsuite> <!-- Default test -->
