<?xml version="1.0" encoding="UTF-8"?>
<!-- Generated by org.testng.reporters.JUnitXMLReporter -->
<testsuite hostname="lslcwksg6161309" ignored="1" name="Parameters Passed thru testng file" tests="1" failures="0" timestamp="13 Aug 2019 23:23:17 GMT" time="18.321" errors="0">
  <testcase name="loginIntoFacebook" time="10.973" classname="practiceTestNG.PracticeTestNG"/>
  <testcase name="facebooktitleTest" time="0.0" classname="practiceTestNG.PracticeTestNG">
    <ignored/>
  </testcase> <!-- facebooktitleTest -->
</testsuite> <!-- Parameters Passed thru testng file -->
