<?xml version="1.0" encoding="UTF-8"?>
<!-- Generated by org.testng.reporters.JUnitXMLReporter -->
<testsuite hostname="lslcwksg6161309" ignored="0" name="Test" tests="15" failures="1" timestamp="13 Aug 2019 17:03:27 GMT" time="0.081" errors="0">
  <testcase name="expectedExcep" time="0.005" classname="com.test.ExceptionTimeOutTest"/>
  <testcase name="divide" time="0.002" classname="com.test.Invocationtests"/>
  <testcase name="divide" time="0.001" classname="com.test.Invocationtests"/>
  <testcase name="divide" time="0.001" classname="com.test.Invocationtests"/>
  <testcase name="divide" time="0.001" classname="com.test.Invocationtests"/>
  <testcase name="divide" time="0.001" classname="com.test.Invocationtests"/>
  <testcase name="multiply" time="0.001" classname="com.test.Invocationtests"/>
  <testcase name="multiply" time="0.001" classname="com.test.Invocationtests"/>
  <testcase name="sum" time="0.003" classname="com.test.Invocationtests"/>
  <testcase name="sum" time="0.001" classname="com.test.Invocationtests"/>
  <testcase name="sum" time="0.001" classname="com.test.Invocationtests"/>
  <testcase name="test" time="0.001" classname="com.test.TestNGBasics"/>
  <testcase name="loginTest" time="0.001" classname="com.test.TestNGFeatures">
    <failure type="java.lang.ArithmeticException" message="/ by zero">
      <![CDATA[java.lang.ArithmeticException: / by zero
at com.test.TestNGFeatures.loginTest(TestNGFeatures.java:9)
at java.util.concurrent.FutureTask.run(Unknown Source)
at java.util.concurrent.ThreadPoolExecutor.runWorker(Unknown Source)
at java.util.concurrent.ThreadPoolExecutor$Worker.run(Unknown Source)
at java.lang.Thread.run(Unknown Source)
... Removed 16 stack frames]]>
    </failure>
  </testcase> <!-- loginTest -->
  <testcase name="HomePageTest" time="0.001" classname="com.test.TestNGFeatures">
    <skipped/>
  </testcase> <!-- HomePageTest -->
  <testcase name="searchPageTest" time="0.0" classname="com.test.TestNGFeatures">
    <skipped/>
  </testcase> <!-- searchPageTest -->
</testsuite> <!-- Test -->
